[2025-01-17 19:16:48:256] / [INFO]	OPEN PICO: 0[2025-01-17 19:16:48:256] / [INFO]	0
[2025-01-17 19:16:48:256] / [INFO]	SET CHANNEL PICO
[2025-01-17 19:16:48:256] / [INFO]	0
[2025-01-17 19:16:48:256] / [INFO]	0
[2025-01-17 19:16:48:256] / [INFO]	0
[2025-01-17 19:16:48:256] / [INFO]	0
[2025-01-17 19:16:48:256] / [INFO]	Set simple trigger
[2025-01-17 19:16:48:256] / [INFO]	Simple trigger returned
[2025-01-17 19:16:48:256] / [INFO]	0
[2025-01-17 19:16:48:256] / [INFO]	0
[2025-01-17 19:16:48:256] / [INFO]	ready_to_hackrf
[2025-01-17 19:16:48:256] / [INFO]	GET TIMEBASE
[2025-01-17 19:16:48:256] / [INFO]	Timebase = 0
[2025-01-17 19:16:48:256] / [INFO]	0
[2025-01-17 19:16:48:256] / [INFO]	RUN BLOCK
[2025-01-17 19:16:48:486] / [INFO]	0
[2025-01-17 19:16:58:515] / [INFO]	SET DATA BUFFER: 
[2025-01-17 19:16:58:515] / [INFO]	0
[2025-01-17 19:16:58:515] / [INFO]	GET VALUES
[2025-01-17 19:16:58:522] / [INFO]	0
[2025-01-17 19:16:58:550] / [INFO]	PICO STOPED
[2025-01-17 19:16:58:550] / [INFO]	0
[2025-01-17 19:16:58:551] / [INFO]	PICO CLOSED
