[2025-01-17 20:04:18:502] / [INFO]	OPEN PICO: 0[2025-01-17 20:04:18:502] / [INFO]	0
[2025-01-17 20:04:18:502] / [INFO]	SET CHANNEL PICO
[2025-01-17 20:04:18:502] / [INFO]	0
[2025-01-17 20:04:18:502] / [INFO]	0
[2025-01-17 20:04:18:502] / [INFO]	0
[2025-01-17 20:04:18:502] / [INFO]	0
[2025-01-17 20:04:18:502] / [INFO]	Set simple trigger
[2025-01-17 20:04:18:502] / [INFO]	Simple trigger returned
[2025-01-17 20:04:18:502] / [INFO]	0
[2025-01-17 20:04:18:502] / [INFO]	0
[2025-01-17 20:04:18:502] / [INFO]	GET TIMEBASE
[2025-01-17 20:04:18:502] / [INFO]	Timebase = 0
[2025-01-17 20:04:18:503] / [INFO]	0
[2025-01-17 20:04:18:503] / [INFO]	RUN BLOCK
[2025-01-17 20:04:18:738] / [INFO]	0
[2025-01-17 20:04:28:766] / [INFO]	SET DATA BUFFER: 
[2025-01-17 20:04:28:766] / [INFO]	0
[2025-01-17 20:04:28:766] / [INFO]	GET VALUES
[2025-01-17 20:04:28:773] / [INFO]	0
[2025-01-17 20:04:28:801] / [INFO]	PICO STOPED
[2025-01-17 20:04:28:801] / [INFO]	0
[2025-01-17 20:04:28:803] / [INFO]	PICO CLOSED
